<?xml version="1.0" encoding="utf-8"?>
<coverage line-rate="1" branch-rate="1" version="1.9" timestamp="1753880506" lines-covered="4" lines-valid="4" branches-covered="2" branches-valid="2">
  <sources>
    <source>/</source>
  </sources>
  <packages>
    <package name="BankApp.Core" line-rate="1" branch-rate="1" complexity="2">
      <classes>
        <class name="AccountService" filename="Users/ronnihansen/Desktop/Bachelor/Projects/TestingShowcase/BankApp.Core/Services/AccountService.cs" line-rate="1" branch-rate="1" complexity="2">
          <methods>
            <method name="Deposit" signature="(System.Decimal,System.Decimal)" line-rate="1" branch-rate="1" complexity="2">
              <lines>
                <line number="4" hits="3" branch="False" />
                <line number="5" hits="5" branch="True" condition-coverage="100% (2/2)">
                  <conditions>
                    <condition number="14" type="jump" coverage="100%" />
                  </conditions>
                </line>
                <line number="6" hits="1" branch="False" />
                <line number="7" hits="1" branch="False" />
              </lines>
            </method>
          </methods>
          <lines>
            <line number="4" hits="3" branch="False" />
            <line number="5" hits="5" branch="True" condition-coverage="100% (2/2)">
              <conditions>
                <condition number="14" type="jump" coverage="100%" />
              </conditions>
            </line>
            <line number="6" hits="1" branch="False" />
            <line number="7" hits="1" branch="False" />
          </lines>
        </class>
      </classes>
    </package>
    <package name="BankApp.Tests.Shared" line-rate="1" branch-rate="1" complexity="0">
      <classes />
    </package>
  </packages>
</coverage>